<?xml version="1.0" encoding="UTF-8"?>
<!-- Generated by org.testng.reporters.JUnitReportReporter -->
<testsuite skipped="0" hostname="SWAMY" name="patterns.pattern1" tests="1" failures="0" timestamp="02 Apr 2019 18:40:53 GMT" time="0.016" errors="0">
  <testcase name="pattern1" time="0.016" classname="patterns.pattern1"/>
</testsuite> <!-- patterns.pattern1 -->
